[0.377s] DEBUG:colcon:Command line arguments: ['/usr/bin/colcon', 'list', '-p', '--base-paths', '/home/xinlin/Desktop/Master/master_docker_mnt/mnt1/ROS/ws_flatland_my/src/nav_in_flatland/arena_bringup/launch']
[0.377s] DEBUG:colcon:Parsed command line arguments: Namespace(base_paths=['/home/xinlin/Desktop/Master/master_docker_mnt/mnt1/ROS/ws_flatland_my/src/nav_in_flatland/arena_bringup/launch'], build_base='build', ignore_user_meta=False, log_base=None, log_level=None, main=<bound method ListVerb.main of <colcon_package_information.verb.list.ListVerb object at 0x7f2968a98a60>>, metas=['./colcon.meta'], names_only=False, packages_above=None, packages_above_and_dependencies=None, packages_above_depth=None, packages_end=None, packages_ignore=None, packages_ignore_regex=None, packages_select=None, packages_select_build_failed=False, packages_select_by_dep=None, packages_select_regex=None, packages_select_test_failures=False, packages_skip=None, packages_skip_build_finished=False, packages_skip_by_dep=None, packages_skip_regex=None, packages_skip_test_passed=False, packages_skip_up_to=None, packages_start=None, packages_up_to=None, packages_up_to_regex=None, paths=None, paths_only=True, topological_graph=False, topological_graph_density=False, topological_graph_dot=False, topological_graph_dot_cluster=False, topological_graph_dot_include_skipped=False, topological_graph_legend=False, topological_order=False, verb_extension=<colcon_package_information.verb.list.ListVerb object at 0x7f2968a98a60>, verb_name='list', verb_parser=<colcon_defaults.argument_parser.defaults.DefaultArgumentsDecorator object at 0x7f29689c3100>)
[0.513s] Level 1:colcon.colcon_core.package_discovery:discover_packages(colcon_meta) check parameters
[0.513s] Level 1:colcon.colcon_core.package_discovery:discover_packages(recursive) check parameters
[0.513s] Level 1:colcon.colcon_core.package_discovery:discover_packages(ignore) check parameters
[0.514s] Level 1:colcon.colcon_core.package_discovery:discover_packages(path) check parameters
[0.514s] Level 1:colcon.colcon_core.package_discovery:discover_packages(recursive) discover
[0.514s] INFO:colcon.colcon_core.package_discovery:Crawling recursively for packages in '/home/xinlin/Desktop/Master/master_docker_mnt/mnt1/ROS/ws_flatland_my/src/nav_in_flatland/arena_bringup/launch'
[0.514s] Level 1:colcon.colcon_core.package_identification:_identify(/home/xinlin/Desktop/Master/master_docker_mnt/mnt1/ROS/ws_flatland_my/src/nav_in_flatland/arena_bringup/launch) by extensions ['ignore', 'ignore_ament_install']
[0.515s] Level 1:colcon.colcon_core.package_identification:_identify(/home/xinlin/Desktop/Master/master_docker_mnt/mnt1/ROS/ws_flatland_my/src/nav_in_flatland/arena_bringup/launch) by extension 'ignore'
[0.515s] Level 1:colcon.colcon_core.package_identification:_identify(/home/xinlin/Desktop/Master/master_docker_mnt/mnt1/ROS/ws_flatland_my/src/nav_in_flatland/arena_bringup/launch) by extension 'ignore_ament_install'
[0.515s] Level 1:colcon.colcon_core.package_identification:_identify(/home/xinlin/Desktop/Master/master_docker_mnt/mnt1/ROS/ws_flatland_my/src/nav_in_flatland/arena_bringup/launch) by extensions ['colcon_pkg']
[0.515s] Level 1:colcon.colcon_core.package_identification:_identify(/home/xinlin/Desktop/Master/master_docker_mnt/mnt1/ROS/ws_flatland_my/src/nav_in_flatland/arena_bringup/launch) by extension 'colcon_pkg'
[0.515s] Level 1:colcon.colcon_core.package_identification:_identify(/home/xinlin/Desktop/Master/master_docker_mnt/mnt1/ROS/ws_flatland_my/src/nav_in_flatland/arena_bringup/launch) by extensions ['colcon_meta']
[0.515s] Level 1:colcon.colcon_core.package_identification:_identify(/home/xinlin/Desktop/Master/master_docker_mnt/mnt1/ROS/ws_flatland_my/src/nav_in_flatland/arena_bringup/launch) by extension 'colcon_meta'
[0.516s] Level 1:colcon.colcon_core.package_identification:_identify(/home/xinlin/Desktop/Master/master_docker_mnt/mnt1/ROS/ws_flatland_my/src/nav_in_flatland/arena_bringup/launch) by extensions ['ros']
[0.516s] Level 1:colcon.colcon_core.package_identification:_identify(/home/xinlin/Desktop/Master/master_docker_mnt/mnt1/ROS/ws_flatland_my/src/nav_in_flatland/arena_bringup/launch) by extension 'ros'
[0.539s] Level 1:colcon.colcon_core.package_identification:_identify(/home/xinlin/Desktop/Master/master_docker_mnt/mnt1/ROS/ws_flatland_my/src/nav_in_flatland/arena_bringup/launch) by extensions ['cmake', 'python']
[0.539s] Level 1:colcon.colcon_core.package_identification:_identify(/home/xinlin/Desktop/Master/master_docker_mnt/mnt1/ROS/ws_flatland_my/src/nav_in_flatland/arena_bringup/launch) by extension 'cmake'
[0.539s] Level 1:colcon.colcon_core.package_identification:_identify(/home/xinlin/Desktop/Master/master_docker_mnt/mnt1/ROS/ws_flatland_my/src/nav_in_flatland/arena_bringup/launch) by extension 'python'
[0.539s] Level 1:colcon.colcon_core.package_identification:_identify(/home/xinlin/Desktop/Master/master_docker_mnt/mnt1/ROS/ws_flatland_my/src/nav_in_flatland/arena_bringup/launch) by extensions ['python_setup_py']
[0.539s] Level 1:colcon.colcon_core.package_identification:_identify(/home/xinlin/Desktop/Master/master_docker_mnt/mnt1/ROS/ws_flatland_my/src/nav_in_flatland/arena_bringup/launch) by extension 'python_setup_py'
[0.540s] Level 1:colcon.colcon_core.package_identification:_identify(/home/xinlin/Desktop/Master/master_docker_mnt/mnt1/ROS/ws_flatland_my/src/nav_in_flatland/arena_bringup/launch/log) by extensions ['ignore', 'ignore_ament_install']
[0.540s] Level 1:colcon.colcon_core.package_identification:_identify(/home/xinlin/Desktop/Master/master_docker_mnt/mnt1/ROS/ws_flatland_my/src/nav_in_flatland/arena_bringup/launch/log) by extension 'ignore'
[0.540s] Level 1:colcon.colcon_core.package_identification:_identify(/home/xinlin/Desktop/Master/master_docker_mnt/mnt1/ROS/ws_flatland_my/src/nav_in_flatland/arena_bringup/launch/log) ignored
[0.541s] Level 1:colcon.colcon_core.package_identification:_identify(/home/xinlin/Desktop/Master/master_docker_mnt/mnt1/ROS/ws_flatland_my/src/nav_in_flatland/arena_bringup/launch/sublaunch) by extensions ['ignore', 'ignore_ament_install']
[0.543s] Level 1:colcon.colcon_core.package_identification:_identify(/home/xinlin/Desktop/Master/master_docker_mnt/mnt1/ROS/ws_flatland_my/src/nav_in_flatland/arena_bringup/launch/sublaunch) by extension 'ignore'
[0.543s] Level 1:colcon.colcon_core.package_identification:_identify(/home/xinlin/Desktop/Master/master_docker_mnt/mnt1/ROS/ws_flatland_my/src/nav_in_flatland/arena_bringup/launch/sublaunch) by extension 'ignore_ament_install'
[0.543s] Level 1:colcon.colcon_core.package_identification:_identify(/home/xinlin/Desktop/Master/master_docker_mnt/mnt1/ROS/ws_flatland_my/src/nav_in_flatland/arena_bringup/launch/sublaunch) by extensions ['colcon_pkg']
[0.543s] Level 1:colcon.colcon_core.package_identification:_identify(/home/xinlin/Desktop/Master/master_docker_mnt/mnt1/ROS/ws_flatland_my/src/nav_in_flatland/arena_bringup/launch/sublaunch) by extension 'colcon_pkg'
[0.543s] Level 1:colcon.colcon_core.package_identification:_identify(/home/xinlin/Desktop/Master/master_docker_mnt/mnt1/ROS/ws_flatland_my/src/nav_in_flatland/arena_bringup/launch/sublaunch) by extensions ['colcon_meta']
[0.544s] Level 1:colcon.colcon_core.package_identification:_identify(/home/xinlin/Desktop/Master/master_docker_mnt/mnt1/ROS/ws_flatland_my/src/nav_in_flatland/arena_bringup/launch/sublaunch) by extension 'colcon_meta'
[0.544s] Level 1:colcon.colcon_core.package_identification:_identify(/home/xinlin/Desktop/Master/master_docker_mnt/mnt1/ROS/ws_flatland_my/src/nav_in_flatland/arena_bringup/launch/sublaunch) by extensions ['ros']
[0.544s] Level 1:colcon.colcon_core.package_identification:_identify(/home/xinlin/Desktop/Master/master_docker_mnt/mnt1/ROS/ws_flatland_my/src/nav_in_flatland/arena_bringup/launch/sublaunch) by extension 'ros'
[0.544s] Level 1:colcon.colcon_core.package_identification:_identify(/home/xinlin/Desktop/Master/master_docker_mnt/mnt1/ROS/ws_flatland_my/src/nav_in_flatland/arena_bringup/launch/sublaunch) by extensions ['cmake', 'python']
[0.544s] Level 1:colcon.colcon_core.package_identification:_identify(/home/xinlin/Desktop/Master/master_docker_mnt/mnt1/ROS/ws_flatland_my/src/nav_in_flatland/arena_bringup/launch/sublaunch) by extension 'cmake'
[0.544s] Level 1:colcon.colcon_core.package_identification:_identify(/home/xinlin/Desktop/Master/master_docker_mnt/mnt1/ROS/ws_flatland_my/src/nav_in_flatland/arena_bringup/launch/sublaunch) by extension 'python'
[0.545s] Level 1:colcon.colcon_core.package_identification:_identify(/home/xinlin/Desktop/Master/master_docker_mnt/mnt1/ROS/ws_flatland_my/src/nav_in_flatland/arena_bringup/launch/sublaunch) by extensions ['python_setup_py']
[0.545s] Level 1:colcon.colcon_core.package_identification:_identify(/home/xinlin/Desktop/Master/master_docker_mnt/mnt1/ROS/ws_flatland_my/src/nav_in_flatland/arena_bringup/launch/sublaunch) by extension 'python_setup_py'
[0.545s] Level 1:colcon.colcon_core.package_discovery:discover_packages(recursive) using defaults
